<?xml version="1.0" encoding="UTF-8"?>
<!-- Generated by org.testng.reporters.JUnitReportReporter -->
<testsuite hostname="MAA-5CG0263H4C" failures="0" tests="1" name="GithubProject.LoginPage" time="3.989" errors="0" timestamp="2023-02-03T17:15:19 IST" skipped="0">
  <testcase classname="GithubProject.LoginPage" name="test" time="3.989"/>
  <system-out/>
</testsuite> <!-- GithubProject.LoginPage -->
